  Using bundled DotNet SDK version: 6.0.302
  Running UnrealBuildTool: dotnet "..\..\Engine\Binaries\DotNET\UnrealBuildTool\UnrealBuildTool.dll" AuraEditor Win64 Development -Project="C:\Users\GenTl\OneDrive\Documents\GitHub\Aura\GAS-Project\Aura\Aura.uproject" -WaitMutex -FromMsBuild
  Log file: C:\Users\GenTl\AppData\Local\UnrealBuildTool\Log.txt
  Using 'git status' to determine working set for adaptive non-unity build (C:\Users\GenTl\OneDrive\Documents\GitHub\Aura\GAS-Project).
  Building AuraEditor...
  Using Visual Studio 2022 14.34.31946 toolchain (C:\Program Files\Microsoft Visual Studio\2022\Community\VC\Tools\MSVC\14.34.31933) and Windows 10.0.22621.0 SDK (C:\Program Files (x86)\Windows Kits\10).
  [Upgrade]
  [Upgrade] Using backward-compatible include order. The latest version of UE has changed the order of includes, which may require code changes. The current setting is:
  [Upgrade]     IncludeOrderVersion = EngineIncludeOrderVersion.Unreal5_0
  [Upgrade] Suppress this message by setting 'IncludeOrderVersion = EngineIncludeOrderVersion.Unreal5_2;' in AuraEditor.Target.cs.
  [Upgrade] Alternatively you can set this to 'EngineIncludeOrderVersion.Latest' to always use the latest include order. This will potentially cause compile errors when integrating new versions of the engine.
  [Upgrade]
  [Adaptive Build] Excluded from Aura unity file: Aura.cpp, PlayerGameModeBase.cpp, GameAbilityTypes.cpp, GameAssetManager.cpp, GameGameplayTags.cpp, GameAbilitySystemComponent.cpp, GameAbilitySystemGlobals.cpp, GameAbilitySystemLibrary.cpp, GameAttributeSet.cpp, GameDamageGameplayAbility.cpp, GameGameplayAbility.cpp, GameMeleeAttack.cpp, GameProjectileSpell.cpp, TargetDataUnderMouse.cpp, CharacterClassInfo.cpp, ExecCalc_Damage.cpp, GameEffectActor.cpp, GameProjectile.cpp, BTService_Attack.cpp, BTService_FindNearestPlayer.cpp, BTTask_Attack.cpp, GameAIController.cpp, EnemyCharacter.cpp, PlayerCharacterBase.cpp, EnemyInterface.cpp, GameCombatInterface.cpp, PlayerCharacterController.cpp, DamageTextComponent.cpp, Aura.init.gen.cpp, BTService_Attack.gen.cpp, BTService_FindNearestPlayer.gen.cpp, BTTask_Attack.gen.cpp, CharacterClassInfo.gen.cpp, DamageTextComponent.gen.cpp, EnemyCharacter.gen.cpp, EnemyInterface.gen.cpp, ExecCalc_Damage.gen.cpp, GameAbilitySystemComponent.gen.cpp, GameAbilitySystemGlobals.gen.cpp, GameAbilitySystemLibrary.gen.cpp, GameAbilityTypes.gen.cpp, GameAIController.gen.cpp, GameAttributeSet.gen.cpp, GameCombatInterface.gen.cpp, GameDamageGameplayAbility.gen.cpp, GameEffectActor.gen.cpp, GameGameplayAbility.gen.cpp, GameMeleeAttack.gen.cpp, GameProjectile.gen.cpp, GameProjectileSpell.gen.cpp, PlayerCharacter.gen.cpp, PlayerCharacterBase.gen.cpp, PlayerCharacterController.gen.cpp, PlayerGameModeBase.gen.cpp, TargetDataUnderMouse.gen.cpp
  Determining max actions to execute in parallel (8 physical cores, 16 logical cores)
    Executing up to 8 processes, one per physical core
  Building 4 actions with 4 processes...
  [1/4] Compile [x64] GameProjectile.cpp
  [2/4] Link [x64] UnrealEditor-Aura.lib
     Creating library C:\Users\GenTl\OneDrive\Documents\GitHub\Aura\GAS-Project\Aura\Intermediate\Build\Win64\x64\UnrealEditor\Development\Aura\UnrealEditor-Aura.lib and object C:\Users\GenTl\OneDrive\Documents\GitHub\Aura\GAS-Project\Aura\Intermediate\Build\Win64\x64\UnrealEditor\Development\Aura\UnrealEditor-Aura.exp
  [3/4] Link [x64] UnrealEditor-Aura.dll
     Creating library C:\Users\GenTl\OneDrive\Documents\GitHub\Aura\GAS-Project\Aura\Intermediate\Build\Win64\x64\UnrealEditor\Development\Aura\UnrealEditor-Aura.suppressed.lib and object C:\Users\GenTl\OneDrive\Documents\GitHub\Aura\GAS-Project\Aura\Intermediate\Build\Win64\x64\UnrealEditor\Development\Aura\UnrealEditor-Aura.suppressed.exp
  [4/4] WriteMetadata AuraEditor.target
  Total time in Parallel executor: 6.47 seconds
  Total execution time: 7.04 seconds
